<?xml version="1.0" encoding="UTF-8"?>
<testng-results ignored="0" total="1" passed="1" failed="0" skipped="0">
  <reporter-output>
  </reporter-output>
  <suite started-at="2025-10-12T13:58:24 IST" name="Suite" finished-at="2025-10-12T13:58:31 IST" duration-ms="6713">
    <groups>
    </groups>
    <test started-at="2025-10-12T13:58:24 IST" name="Test" finished-at="2025-10-12T13:58:31 IST" duration-ms="6713">
      <class name="Test.LoginTest">
        <test-method is-config="true" signature="setup()[pri:0, instance:Test.LoginTest@1c5920df]" started-at="2025-10-12T13:58:24 IST" name="setup" finished-at="2025-10-12T13:58:30 IST" duration-ms="5327" status="PASS">
          <reporter-output>
          </reporter-output>
        </test-method> <!-- setup -->
        <test-method signature="login()[pri:0, instance:Test.LoginTest@1c5920df]" started-at="2025-10-12T13:58:30 IST" name="login" finished-at="2025-10-12T13:58:31 IST" duration-ms="1227" status="PASS">
          <reporter-output>
          </reporter-output>
        </test-method> <!-- login -->
        <test-method is-config="true" signature="teardown()[pri:0, instance:Test.LoginTest@1c5920df]" started-at="2025-10-12T13:58:31 IST" name="teardown" finished-at="2025-10-12T13:58:31 IST" duration-ms="114" status="PASS">
          <reporter-output>
          </reporter-output>
        </test-method> <!-- teardown -->
      </class> <!-- Test.LoginTest -->
    </test> <!-- Test -->
  </suite> <!-- Suite -->
</testng-results>
